Performing C SOURCE FILE Test CMAKE_HAVE_LIBC_PTHREAD failed with the following output:
Change Dir: /home/yxh/Documents/mars_unity/Unity-Robotics-Hub-main/tutorials/pick_and_place/ROS/src/save_rgbd_from_kinect2/build/CMakeFiles/CMakeTmp

Run Build Command(s):/usr/bin/make cmTC_7fbef/fast && /usr/bin/make  -f CMakeFiles/cmTC_7fbef.dir/build.make CMakeFiles/cmTC_7fbef.dir/build
make[1]: Entering directory '/home/yxh/Documents/mars_unity/Unity-Robotics-Hub-main/tutorials/pick_and_place/ROS/src/save_rgbd_from_kinect2/build/CMakeFiles/CMakeTmp'
Building C object CMakeFiles/cmTC_7fbef.dir/src.c.o
/usr/bin/x86_64-linux-gnu-gcc-7   -DCMAKE_HAVE_LIBC_PTHREAD   -o CMakeFiles/cmTC_7fbef.dir/src.c.o   -c /home/yxh/Documents/mars_unity/Unity-Robotics-Hub-main/tutorials/pick_and_place/ROS/src/save_rgbd_from_kinect2/build/CMakeFiles/CMakeTmp/src.c
Linking C executable cmTC_7fbef
/usr/local/bin/cmake -E cmake_link_script CMakeFiles/cmTC_7fbef.dir/link.txt --verbose=1
/usr/bin/x86_64-linux-gnu-gcc-7  -DCMAKE_HAVE_LIBC_PTHREAD    -rdynamic CMakeFiles/cmTC_7fbef.dir/src.c.o  -o cmTC_7fbef 
CMakeFiles/cmTC_7fbef.dir/src.c.o: In function `main':
src.c:(.text+0x3e): undefined reference to `pthread_create'
src.c:(.text+0x4a): undefined reference to `pthread_detach'
src.c:(.text+0x56): undefined reference to `pthread_cancel'
src.c:(.text+0x67): undefined reference to `pthread_join'
src.c:(.text+0x7b): undefined reference to `pthread_atfork'
collect2: error: ld returned 1 exit status
CMakeFiles/cmTC_7fbef.dir/build.make:106: recipe for target 'cmTC_7fbef' failed
make[1]: *** [cmTC_7fbef] Error 1
make[1]: Leaving directory '/home/yxh/Documents/mars_unity/Unity-Robotics-Hub-main/tutorials/pick_and_place/ROS/src/save_rgbd_from_kinect2/build/CMakeFiles/CMakeTmp'
Makefile:141: recipe for target 'cmTC_7fbef/fast' failed
make: *** [cmTC_7fbef/fast] Error 2


Source file was:
#include <pthread.h>

void* test_func(void* data)
{
  return data;
}

int main(void)
{
  pthread_t thread;
  pthread_create(&thread, NULL, test_func, NULL);
  pthread_detach(thread);
  pthread_cancel(thread);
  pthread_join(thread, NULL);
  pthread_atfork(NULL, NULL, NULL);
  pthread_exit(NULL);

  return 0;
}

Determining if the function pthread_create exists in the pthreads failed with the following output:
Change Dir: /home/yxh/Documents/mars_unity/Unity-Robotics-Hub-main/tutorials/pick_and_place/ROS/src/save_rgbd_from_kinect2/build/CMakeFiles/CMakeTmp

Run Build Command(s):/usr/bin/make cmTC_39d46/fast && /usr/bin/make  -f CMakeFiles/cmTC_39d46.dir/build.make CMakeFiles/cmTC_39d46.dir/build
make[1]: Entering directory '/home/yxh/Documents/mars_unity/Unity-Robotics-Hub-main/tutorials/pick_and_place/ROS/src/save_rgbd_from_kinect2/build/CMakeFiles/CMakeTmp'
Building C object CMakeFiles/cmTC_39d46.dir/CheckFunctionExists.c.o
/usr/bin/x86_64-linux-gnu-gcc-7   -DCHECK_FUNCTION_EXISTS=pthread_create   -o CMakeFiles/cmTC_39d46.dir/CheckFunctionExists.c.o   -c /usr/local/share/cmake-3.17/Modules/CheckFunctionExists.c
Linking C executable cmTC_39d46
/usr/local/bin/cmake -E cmake_link_script CMakeFiles/cmTC_39d46.dir/link.txt --verbose=1
/usr/bin/x86_64-linux-gnu-gcc-7  -DCHECK_FUNCTION_EXISTS=pthread_create    -rdynamic CMakeFiles/cmTC_39d46.dir/CheckFunctionExists.c.o  -o cmTC_39d46  -lpthreads 
/usr/bin/ld: cannot find -lpthreads
collect2: error: ld returned 1 exit status
CMakeFiles/cmTC_39d46.dir/build.make:106: recipe for target 'cmTC_39d46' failed
make[1]: *** [cmTC_39d46] Error 1
make[1]: Leaving directory '/home/yxh/Documents/mars_unity/Unity-Robotics-Hub-main/tutorials/pick_and_place/ROS/src/save_rgbd_from_kinect2/build/CMakeFiles/CMakeTmp'
Makefile:141: recipe for target 'cmTC_39d46/fast' failed
make: *** [cmTC_39d46/fast] Error 2



